app/proguard-rules.pro
# Add project specific ProGuard rules here.

# Keep Room entities and DAOs
-keep class com.kaze.model.** { *; }
-keep class com.kaze.data.local.** { *; }

# Keep Gson model classes
-keepattributes Signature
-keepattributes *Annotation*
-dontwarn sun.misc.**
-keep class com.google.gson.** { *; }
-keep class * implements com.google.gson.TypeAdapterFactory
-keep class * implements com.google.gson.JsonSerializer
-keep class * implements com.google.gson.JsonDeserializer

# Keep backup models
-keep class com.kaze.utils.BackupPayload { *; }
-keep class com.kaze.utils.WatchItemBackup { *; }

# Keep stealth module
-keep class com.kaze.stealth.** { *; }

# Kotlin coroutines
-keepclassmembers class kotlinx.coroutines.** { volatile <fields>; }

# Compose
-dontwarn androidx.compose.**

# Kotlinx Serialization — keep all @Serializable classes
-keepattributes RuntimeVisibleAnnotations,AnnotationDefault
-keep,includedescriptorclasses class com.kaze.data.repository.** { *; }
-keep,includedescriptorclasses class com.kaze.data.remote.** { *; }
-keepclassmembers class kotlinx.serialization.json.** { *** Companion; }
-keepclasseswithmembers class kotlinx.serialization.** { *; }
-dontwarn kotlinx.serialization.**

# Supabase / Ktor
-keep class io.github.jan.supabase.** { *; }
-keep class io.ktor.** { *; }
-dontwarn io.github.jan.supabase.**
-dontwarn io.ktor.**

# Firebase / FCM
-keep class com.google.firebase.** { *; }
-keep class com.google.android.gms.** { *; }
-dontwarn com.google.firebase.**
-dontwarn com.google.android.gms.**

# WorkManager
-keep class androidx.work.** { *; }
-keep class com.kaze.worker.** { *; }
-dontwarn androidx.work.**

# OkHttp / Retrofit
-dontwarn okhttp3.**
-dontwarn okio.**
-dontwarn retrofit2.**
-keep class retrofit2.** { *; }
-keepclasseswithmembers class * {
    @retrofit2.http.* <methods>;
}