app/build/outputs/mapping/release/seeds.txt
com.kaze.data.repository.UserRepository$isFollowing$2
com.kaze.data.local.EpisodeProgress
com.kaze.data.local.PendingActionDao_Impl$4
com.kaze.data.repository.UserRepository$ProfileUpdate$Companion
com.kaze.data.repository.ActivityRepository$postActivity$2
com.kaze.data.local.SeriesCacheDao_Impl$1
com.kaze.data.repository.PublicEpisodeProgress
com.kaze.data.repository.SeriesRepository$lastEpisodeOfSeries$1
com.kaze.data.local.WatchLaterDatabase$Companion$MIGRATION_8_9$1
com.kaze.data.repository.SeriesRepository$markSeasonWatched$1
com.kaze.data.local.WatchItemDao_Impl$26
com.kaze.data.repository.PublicWatchlistItem$$serializer
com.kaze.data.repository.UserRepository$updateProfile$2
com.kaze.MainActivity
com.kaze.data.local.PendingActionDao_Impl
com.kaze.data.local.WatchItemDao_Impl$23
com.kaze.worker.SyncWorker$Companion
com.kaze.data.repository.ActivityFeedEntry$$serializer
com.kaze.data.local.WatchItemDao_Impl$13
com.kaze.data.local.SeasonEpisode
com.kaze.data.remote.TraktIds
com.kaze.data.local.WatchItemDao_Impl$7
com.kaze.data.repository.SeriesRepository$toggleEpisode$1
com.kaze.data.remote.OmdbRepository$search$1
com.kaze.data.remote.TraktMovie
com.kaze.data.local.WatchLaterDatabase$Companion$MIGRATION_3_4$1
com.kaze.data.repository.WatchItemRepository$isDuplicate$1
com.kaze.data.local.WatchItemDao
com.kaze.data.local.SeasonEpisodeDao_Impl$4
com.kaze.data.repository.ActivityFeedItem$Companion
com.kaze.data.local.PendingActionDao
com.kaze.data.repository.UserRepository$fetchChatMessages$2
com.kaze.data.repository.UserRepository$getUsersByIds$2
com.kaze.data.repository.WatchItemRepository
com.kaze.data.repository.PublicEpisodeProgress$Companion
com.kaze.data.repository.SupabaseUser
com.kaze.data.local.PendingAction
com.kaze.data.local.WatchItemDao_Impl$18
com.kaze.data.repository.FollowRelation$Companion
com.kaze.data.repository.UserRepository$unfollowUser$2
com.kaze.data.repository.GlobalChatMessage
com.kaze.data.local.SeasonEpisodeDao_Impl$7
com.kaze.data.remote.TraktRepository$fetchTrailerUrl$1
com.kaze.model.MediaType
com.kaze.data.remote.SupabaseApi
com.kaze.data.repository.ActivityFeedEntry$Companion
com.kaze.worker.SyncWorker$doWork$2$WhenMappings
com.kaze.data.remote.OmdbApi$DefaultImpls
com.kaze.data.repository.DiscoverCacheRepository$cacheItem$1
com.kaze.data.local.WatchItemDao_Impl$29
com.kaze.data.local.WatchItemDao_Impl
com.kaze.data.repository.EpisodeUiItem
com.kaze.data.repository.SeriesRepository$validateEpisodeMarkable$1
com.kaze.data.local.WatchItemDao_Impl$4
com.kaze.data.remote.TraktTrendingMovieResponse
com.kaze.data.repository.FcmToken
com.kaze.data.local.WatchItemDao_Impl$27
com.kaze.data.local.SeriesCacheDao_Impl
com.kaze.data.repository.SeriesRepository$nextUnwatched$1
com.kaze.WatchLaterApp
com.kaze.data.local.WatchLaterDatabase$Companion$MIGRATION_5_6$1
com.kaze.data.remote.TraktTrendingShowResponse
com.kaze.data.remote.TraktRepository
com.kaze.data.repository.UserRepository$createUser$2
com.kaze.data.local.EpisodeProgressDao
com.kaze.data.local.EpisodeProgressDao_Impl$5
com.kaze.data.local.SeasonEpisodeDao_Impl$2
com.kaze.data.remote.TraktShowSummary
com.kaze.data.repository.UserRepository$getWatchlistByUserIdPaged$2
com.kaze.data.remote.DiscoverItem
com.kaze.data.repository.UserRepository$deleteFromWatchlist$2
com.kaze.data.local.SeasonEpisodeDao_Impl$5
com.kaze.data.local.WatchItemDao_Impl$8
com.kaze.data.local.WatchItemDao_Impl$5
com.kaze.data.local.WatchItemDao_Impl$25
com.kaze.data.repository.EpisodeValidationResult
com.kaze.data.local.WatchLaterDatabase$Companion
com.kaze.data.local.WatchItemDao_Impl$22
com.kaze.data.remote.OmdbSeasonResponse
com.kaze.data.local.WatchItemDao_Impl$6
com.kaze.data.remote.OmdbRepository$fetchEpisodePlot$1
com.kaze.data.repository.FeedEvent
com.kaze.data.local.EpisodeProgressDao_Impl$3
com.kaze.data.remote.TraktMovieSummary
com.kaze.data.local.WatchItemDao_Impl$14
com.kaze.worker.SyncWorker$doWork$1
com.kaze.data.repository.UserRepository$followUser$2
...
com.google.firebase.heartbeatinfo.AutoValue_HeartBeatResult: AutoValue_HeartBeatResult(java.lang.String,java.util.List)
io.github.jan.supabase.postgrest.query.filter.TextSearchType: java.lang.String getIdentifier()
androidx.work.CoroutineWorker$DeprecatedDispatcher: boolean isDispatchNeeded(kotlin.coroutines.CoroutineContext)
androidx.work.impl.workers.ConstraintTrackingWorker$runWorker$2$constraintTrackingJob$1: java.lang.Object invoke(java.lang.Object,java.lang.Object)
com.google.android.gms.common.api.ResultCallbacks: void onFailure(com.google.android.gms.common.api.Status)
io.ktor.client.plugins.observer.DelegatedRequest: io.ktor.http.Url getUrl()
io.github.jan.supabase.auth.mfa.FactorType$Phone$Config$$serializer: FactorType$Phone$Config$$serializer()
com.google.android.gms.common.util.WorkSourceUtil: java.lang.String getName(android.os.WorkSource,int)
com.google.firebase.encoders.ObjectEncoderContext: com.google.firebase.encoders.ObjectEncoderContext nested(com.google.firebase.encoders.FieldDescriptor)
com.google.android.gms.signin.internal.zab: java.lang.Object[] newArray(int)
com.google.firebase.messaging.SharedPreferencesQueue: java.lang.String remove()
io.github.jan.supabase.auth.admin.AdminUserBuilder$Email: boolean equals(java.lang.Object)
com.google.firebase.concurrent.SequentialExecutor$QueueWorker: void workOnQueue()
io.ktor.http.HttpStatusCode: io.ktor.http.HttpStatusCode access$getVariantAlsoNegotiates$cp()
androidx.compose.ui.platform.AndroidComposeView: androidx.compose.ui.text.font.FontFamily$Resolver getFontFamilyResolver()
kotlinx.serialization.json.JsonLiteral: java.lang.String getContent()
io.ktor.utils.io.ByteChannelUtilsKt: kotlin.Unit attachJob$lambda$0(io.ktor.utils.io.ByteChannel,java.lang.Throwable)
io.ktor.client.plugins.cache.storage.FileCacheStorage: java.io.File access$getDirectory$p(io.ktor.client.plugins.cache.storage.FileCacheStorage)
io.ktor.client.engine.HttpClientEngineBase_jvmKt: kotlinx.coroutines.CoroutineDispatcher ioDispatcher()
io.github.jan.supabase.auth.status.SessionSource$UserChanged: java.lang.String toString()
io.ktor.utils.io.jvm.nio.WriteSuspendSession: io.ktor.utils.io.ByteWriteChannel getChannel()
kotlinx.serialization.internal.LinkedHashSetSerializer: kotlinx.serialization.descriptors.SerialDescriptor getDescriptor()
io.ktor.http.CookieUtilsKt$tryParseTime$second$1$1: java.lang.Boolean invoke(char)
androidx.appcompat.widget.AppCompatImageView: void setSupportBackgroundTintList(android.content.res.ColorStateList)
com.google.android.gms.common.GoogleApiAvailabilityLight: android.content.Intent getErrorResolutionIntent(android.content.Context,int,java.lang.String)
kotlin.reflect.jvm.internal.impl.builtins.jvm.JvmBuiltIns$Kind: kotlin.reflect.jvm.internal.impl.builtins.jvm.JvmBuiltIns$Kind valueOf(java.lang.String)
io.github.jan.supabase.postgrest.query.PostgrestRequestBuilder: io.github.jan.supabase.postgrest.PropertyConversionMethod getPropertyConversionMethod()
com.google.firebase.heartbeatinfo.HeartBeatInfoStorage: java.lang.String getFormattedDate(long)
io.ktor.http.content.CompressedReadChannelResponse: io.ktor.http.HttpStatusCode getStatus()
io.ktor.client.plugins.HttpRequestRetryKt$HttpRequestRetry$2$1: java.lang.Object invoke(java.lang.Object,java.lang.Object,java.lang.Object)
com.google.android.gms.internal.common.zzad: zzad(int)
io.ktor.http.auth.HttpAuthHeader$Parameterized: java.lang.String encode(java.lang.String,io.ktor.http.auth.HeaderValueEncoding)
androidx.work.impl.WorkDatabase$Companion: androidx.work.impl.WorkDatabase create(android.content.Context,java.util.concurrent.Executor,androidx.work.Clock,boolean)
io.github.jan.supabase.auth.user.UserUpdateBuilder: UserUpdateBuilder(int,java.lang.String,java.lang.String,java.lang.String,java.lang.String,kotlinx.serialization.json.JsonObject,kotlinx.serialization.internal.SerializationConstructorMarker)