app/build/outputs/mapping/release/usage.txt
com.kaze.BottomNavItem:
    public static final int $stable
    public final com.kaze.ui.Screen component1()
    public final java.lang.String component2()
    public final androidx.compose.ui.graphics.vector.ImageVector component3()
    public final androidx.compose.ui.graphics.vector.ImageVector component4()
    public final boolean component5()
    public final com.kaze.BottomNavItem copy(com.kaze.ui.Screen,java.lang.String,androidx.compose.ui.graphics.vector.ImageVector,androidx.compose.ui.graphics.vector.ImageVector,boolean)
    public static synthetic com.kaze.BottomNavItem copy$default(com.kaze.BottomNavItem,com.kaze.ui.Screen,java.lang.String,androidx.compose.ui.graphics.vector.ImageVector,androidx.compose.ui.graphics.vector.ImageVector,boolean,int,java.lang.Object)
com.kaze.BuildConfig
com.kaze.MainActivity:
    public static final int $stable
com.kaze.R$color
com.kaze.R$drawable:
    public static int ic_launcher_foreground
    private void <init>()
com.kaze.R$mipmap:
    public static int ic_launcher_foreground
    public static int ic_launcher_round
    private void <init>()
com.kaze.R$string
com.kaze.R$style
com.kaze.R$xml
com.kaze.R
com.kaze.WatchLaterApp:
    public static final java.lang.String CHANNEL_SOCIAL
com.kaze.ui.Screen$Detail:
    public static final int $stable
com.kaze.ui.Screen$DetailPreview:
    public static final int $stable
    public static synthetic java.lang.String createRoute$default(com.kaze.ui.Screen$DetailPreview,java.lang.String,java.lang.String,java.lang.String,java.lang.String,float,java.lang.String,java.lang.String,int,int,int,int,java.lang.Object)
com.kaze.ui.Screen$Discover:
    public static final int $stable
com.kaze.ui.Screen$Feed:
    public static final int $stable
com.kaze.ui.Screen$Friends:
    public static final int $stable
com.kaze.ui.Screen$GlobalChat:
    public static final int $stable
com.kaze.ui.Screen$Home:
    public static final int $stable
com.kaze.ui.Screen$MyProfile:
    public static final int $stable
com.kaze.ui.Screen$Search:
    public static final int $stable
com.kaze.ui.Screen$SetUsername:
    public static final int $stable
com.kaze.ui.Screen$Settings:
    public static final int $stable
com.kaze.ui.Screen$Splash:
    public static final int $stable
com.kaze.ui.Screen$Stats:
    public static final int $stable
com.kaze.ui.Screen$UserProfile:
    public static final int $stable
com.kaze.ui.Screen:
    public static final int $stable
com.kaze.ui.components.ComponentsKt:
    public static final void NumberStepper(java.lang.String,int,kotlin.jvm.functions.Function0,kotlin.jvm.functions.Function0,int,androidx.compose.ui.Modifier,androidx.compose.runtime.Composer,int,int)
    private static final kotlin.Unit NumberStepper$lambda$19$lambda$18$lambda$17$lambda$16(int,int,kotlin.jvm.functions.Function0)
    private static final kotlin.Unit NumberStepper$lambda$20(java.lang.String,int,kotlin.jvm.functions.Function0,kotlin.jvm.functions.Function0,int,androidx.compose.ui.Modifier,int,int,androidx.compose.runtime.Composer,int)
com.kaze.ui.components.ComposableSingletons$ComponentsKt:
    public final kotlin.jvm.functions.Function2 getLambda-1$app_release()
    public final kotlin.jvm.functions.Function2 getLambda-2$app_release()
com.kaze.ui.components.DiscoverFilterBottomSheetKt:
    private static final com.kaze.ui.screens.home.WatchLength DiscoverFilterBottomSheet$lambda$11(androidx.compose.runtime.MutableState)
    private static final void DiscoverFilterBottomSheet$lambda$12(androidx.compose.runtime.MutableState,com.kaze.ui.screens.home.WatchLength)
...
androidx.compose.foundation.layout.WindowInsetsPaddingKt$onConsumedWindowInsetsChanged$$inlined$debugInspectorInfo$1$$InternalSyntheticThrowCCEIfNotNull$21$3656c8f1f5700d087e6292d79ad63e63c89113435e62b4eb85ef211468b374c7$0
androidx.compose.foundation.layout.WindowInsetsPaddingKt$onConsumedWindowInsetsChanged$$inlined$debugInspectorInfo$1
androidx.compose.foundation.layout.WindowInsetsPaddingKt$onConsumedWindowInsetsChanged$2:
    public final androidx.compose.ui.Modifier invoke()
androidx.compose.foundation.layout.WindowInsetsPaddingKt$windowInsetsPadding$$inlined$debugInspectorInfo$1$$InternalSyntheticThrowCCEIfNotNull$21$177c521269c9507cfacafeccf630f63906b3904ab42d3323cd4e634af2fb2c90$0
androidx.compose.foundation.layout.WindowInsetsPaddingKt$windowInsetsPadding$$inlined$debugInspectorInfo$1
androidx.compose.foundation.layout.WindowInsetsPaddingKt$windowInsetsPadding$2:
    public final androidx.compose.ui.Modifier invoke()
androidx.compose.foundation.layout.WindowInsetsPaddingKt:
    public static final androidx.compose.ui.Modifier windowInsetsPadding(androidx.compose.ui.Modifier,androidx.compose.foundation.layout.WindowInsets)
androidx.compose.foundation.layout.WindowInsetsPadding_androidKt$imePadding$$inlined$debugInspectorInfo$1$$InternalSyntheticThrowCCEIfNotNull$19$24f84355460406725cc0e84bf516d1e5c7120129789059d51b41e9006d72b153$0
androidx.compose.foundation.layout.WindowInsetsPadding_androidKt$imePadding$$inlined$debugInspectorInfo$1
androidx.compose.foundation.layout.WindowInsetsPadding_androidKt$imePadding$$inlined$windowInsetsPadding$1:
    public final androidx.compose.ui.Modifier invoke()
androidx.compose.foundation.layout.WindowInsetsPadding_androidKt$navigationBarsPadding$$inlined$debugInspectorInfo$1$$InternalSyntheticThrowCCEIfNotNull$19$61310daa6819d59c48eb58317a48a13a8d7dcb5a1594407d8d56f97bbf6953ec$0
androidx.compose.foundation.layout.WindowInsetsPadding_androidKt$navigationBarsPadding$$inlined$debugInspectorInfo$1
androidx.compose.foundation.layout.WindowInsetsPadding_androidKt$navigationBarsPadding$$inlined$windowInsetsPadding$1:
    public final androidx.compose.ui.Modifier invoke()
androidx.compose.foundation.layout.WindowInsetsPadding_androidKt
androidx.compose.foundation.layout.WindowInsetsSides$Companion
androidx.compose.foundation.layout.WindowInsetsSides:
    public static final int AllowLeftInLtr
    public static final int AllowLeftInRtl
    public static final int AllowRightInLtr
    public static final int AllowRightInRtl
    public static final int Bottom
    public static final androidx.compose.foundation.layout.WindowInsetsSides$Companion Companion
    public static final int Top
    public static final int Vertical
    static void <clinit>()
    public static final synthetic int access$getAllowLeftInLtr$cp()
    public static final synthetic int access$getAllowLeftInRtl$cp()
    public static final synthetic int access$getAllowRightInLtr$cp()
    public static final synthetic int access$getAllowRightInRtl$cp()
    public static final synthetic int access$getBottom$cp()
    public static final synthetic int access$getHorizontal$cp()
    public static final synthetic int access$getTop$cp()
    public static final boolean hasAny-bkgdKaI$foundation_layout_release(int,int)
androidx.compose.foundation.layout.WrapContentElement$Companion$height$1:
    public final long invoke-5SAbXVA()
androidx.compose.foundation.layout.WrapContentElement$Companion$size$1:
    public final long invoke-5SAbXVA()
androidx.compose.foundation.layout.WrapContentElement$Companion$width$1
androidx.compose.foundation.layout.WrapContentElement$Companion
androidx.compose.foundation.layout.WrapContentElement:
    public static final androidx.compose.foundation.layout.WrapContentElement$Companion Companion
    public final java.lang.String inspectorName
    static void <clinit>()
    public static androidx.compose.foundation.layout.WrapContentNode create()
    public static void update$25()